c:\users\romai\bureau\cours\jin\caasi\build\_deps\sfml-build\lib\debug\sfml-network-s.pdb
c:\users\romai\bureau\cours\jin\caasi\build\_deps\sfml-build\src\sfml\network\sfml-network.dir\debug\socketimpl.obj
c:\users\romai\bureau\cours\jin\caasi\build\_deps\sfml-build\src\sfml\network\sfml-network.dir\debug\udpsocket.obj
c:\users\romai\bureau\cours\jin\caasi\build\_deps\sfml-build\src\sfml\network\sfml-network.dir\debug\tcpsocket.obj
c:\users\romai\bureau\cours\jin\caasi\build\_deps\sfml-build\src\sfml\network\sfml-network.dir\debug\tcplistener.obj
c:\users\romai\bureau\cours\jin\caasi\build\_deps\sfml-build\src\sfml\network\sfml-network.dir\debug\socketselector.obj
c:\users\romai\bureau\cours\jin\caasi\build\_deps\sfml-build\src\sfml\network\sfml-network.dir\debug\socket.obj
c:\users\romai\bureau\cours\jin\caasi\build\_deps\sfml-build\src\sfml\network\sfml-network.dir\debug\packet.obj
c:\users\romai\bureau\cours\jin\caasi\build\_deps\sfml-build\src\sfml\network\sfml-network.dir\debug\ipaddress.obj
c:\users\romai\bureau\cours\jin\caasi\build\_deps\sfml-build\src\sfml\network\sfml-network.dir\debug\http.obj
c:\users\romai\bureau\cours\jin\caasi\build\_deps\sfml-build\src\sfml\network\sfml-network.dir\debug\ftp.obj
c:\users\romai\bureau\cours\jin\caasi\build\_deps\sfml-build\src\sfml\network\cmakefiles\generate.stamp
c:\users\romai\bureau\cours\jin\caasi\build\_deps\sfml-build\lib\debug\sfml-network-s-d.lib
c:\users\romai\bureau\cours\jin\caasi\build\_deps\sfml-build\lib\debug\sfml-network-s-d.pdb
c:\users\romai\bureau\cours\jin\caasi\build\_deps\sfml-build\src\sfml\network\sfml-network.dir\debug\sfml-network.tlog\cl.command.1.tlog
c:\users\romai\bureau\cours\jin\caasi\build\_deps\sfml-build\src\sfml\network\sfml-network.dir\debug\sfml-network.tlog\cl.items.tlog
c:\users\romai\bureau\cours\jin\caasi\build\_deps\sfml-build\src\sfml\network\sfml-network.dir\debug\sfml-network.tlog\cl.read.1.tlog
c:\users\romai\bureau\cours\jin\caasi\build\_deps\sfml-build\src\sfml\network\sfml-network.dir\debug\sfml-network.tlog\cl.write.1.tlog
c:\users\romai\bureau\cours\jin\caasi\build\_deps\sfml-build\src\sfml\network\sfml-network.dir\debug\sfml-network.tlog\custombuild.command.1.tlog
c:\users\romai\bureau\cours\jin\caasi\build\_deps\sfml-build\src\sfml\network\sfml-network.dir\debug\sfml-network.tlog\custombuild.read.1.tlog
c:\users\romai\bureau\cours\jin\caasi\build\_deps\sfml-build\src\sfml\network\sfml-network.dir\debug\sfml-network.tlog\custombuild.write.1.tlog
c:\users\romai\bureau\cours\jin\caasi\build\_deps\sfml-build\src\sfml\network\sfml-network.dir\debug\sfml-network.tlog\lib-link.read.1.tlog
c:\users\romai\bureau\cours\jin\caasi\build\_deps\sfml-build\src\sfml\network\sfml-network.dir\debug\sfml-network.tlog\lib-link.write.1.tlog
c:\users\romai\bureau\cours\jin\caasi\build\_deps\sfml-build\src\sfml\network\sfml-network.dir\debug\sfml-network.tlog\lib.command.1.tlog
