c:\users\romai\bureau\cours\jin\caasi\build\src\debug\src.pdb
c:\users\romai\bureau\cours\jin\caasi\build\src\src.dir\debug\mymain.obj
c:\users\romai\bureau\cours\jin\caasi\build\src\src.dir\debug\wall.obj
c:\users\romai\bureau\cours\jin\caasi\build\src\src.dir\debug\room.obj
c:\users\romai\bureau\cours\jin\caasi\build\src\src.dir\debug\projectile.obj
c:\users\romai\bureau\cours\jin\caasi\build\src\src.dir\debug\player.obj
c:\users\romai\bureau\cours\jin\caasi\build\src\src.dir\debug\movingstrategy.obj
c:\users\romai\bureau\cours\jin\caasi\build\src\src.dir\debug\movingentity.obj
c:\users\romai\bureau\cours\jin\caasi\build\src\src.dir\debug\monster.obj
c:\users\romai\bureau\cours\jin\caasi\build\src\src.dir\debug\livingentity.obj
c:\users\romai\bureau\cours\jin\caasi\build\src\src.dir\debug\game.obj
c:\users\romai\bureau\cours\jin\caasi\build\src\src.dir\debug\entity.obj
c:\users\romai\bureau\cours\jin\caasi\build\src\src.dir\debug\door.obj
c:\users\romai\bureau\cours\jin\caasi\build\src\cmakefiles\generate.stamp
c:\users\romai\bureau\cours\jin\caasi\build\src\debug\src.lib
c:\users\romai\bureau\cours\jin\caasi\build\src\src.dir\debug\src.tlog\cl.command.1.tlog
c:\users\romai\bureau\cours\jin\caasi\build\src\src.dir\debug\src.tlog\cl.items.tlog
c:\users\romai\bureau\cours\jin\caasi\build\src\src.dir\debug\src.tlog\cl.read.1.tlog
c:\users\romai\bureau\cours\jin\caasi\build\src\src.dir\debug\src.tlog\cl.write.1.tlog
c:\users\romai\bureau\cours\jin\caasi\build\src\src.dir\debug\src.tlog\custombuild.command.1.tlog
c:\users\romai\bureau\cours\jin\caasi\build\src\src.dir\debug\src.tlog\custombuild.read.1.tlog
c:\users\romai\bureau\cours\jin\caasi\build\src\src.dir\debug\src.tlog\custombuild.write.1.tlog
c:\users\romai\bureau\cours\jin\caasi\build\src\src.dir\debug\src.tlog\lib-link.read.1.tlog
c:\users\romai\bureau\cours\jin\caasi\build\src\src.dir\debug\src.tlog\lib-link.write.1.tlog
c:\users\romai\bureau\cours\jin\caasi\build\src\src.dir\debug\src.tlog\lib.command.1.tlog
